<?xml version="1.0" encoding="UTF-8"?>
<testsuite xmlns:xsi="http://www.w3.org/2001/XMLSchema-instance" xsi:noNamespaceSchemaLocation="https://maven.apache.org/surefire/maven-surefire-plugin/xsd/surefire-test-report.xsd" version="3.0.2" name="com.laptrinhweb.laptrinhweb.LaptrinhwebApplicationTests" time="8.67" tests="1" errors="0" skipped="0" failures="0">
  <properties>
[...]
</properties>
  <testcase name="contextLoads" classname="com.laptrinhweb.laptrinhweb.LaptrinhwebApplicationTests" time="0.617">
    <system-out><![CDATA[18:41:39.246 [main] INFO org.springframework.test.context.support.AnnotationConfigContextLoaderUtils -- Could not detect default configuration classes for test class [com.laptrinhweb.laptrinhweb.LaptrinhwebApplicationTests]: LaptrinhwebApplicationTests does not declare any static, non-private, non-final, nested classes annotated with @Configuration.
18:41:39.417 [main] INFO org.springframework.boot.test.context.SpringBootTestContextBootstrapper -- Found @SpringBootConfiguration com.laptrinhweb.laptrinhweb.LaptrinhwebApplication for test class com.laptrinhweb.laptrinhweb.LaptrinhwebApplicationTests

  .   ____          _            __ _ _
 /\\ / ___'_ __ _ _(_)_ __  __ _ \ \ \ \
( ( )\___ | '_ | '_| | '_ \/ _` | \ \ \ \
 \\/  ___)| |_)| | | | | || (_| |  ) ) ) )
  '  |____| .__|_| |_|_| |_\__, | / / / /
 =========|_|==============|___/=/_/_/_/

 :: Spring Boot ::                (v3.4.3)

2025-02-26T18:41:40.128+07:00  INFO 1272 --- [           main] c.l.l.LaptrinhwebApplicationTests        : Starting LaptrinhwebApplicationTests using Java 21.0.6 with PID 1272 (started by FPTSHOP in C:\code\laptrinhweb\laptrinhweb)
2025-02-26T18:41:40.130+07:00  INFO 1272 --- [           main] c.l.l.LaptrinhwebApplicationTests        : No active profile set, falling back to 1 default profile: "default"
2025-02-26T18:41:41.171+07:00  INFO 1272 --- [           main] .s.d.r.c.RepositoryConfigurationDelegate : Bootstrapping Spring Data JPA repositories in DEFAULT mode.
2025-02-26T18:41:41.257+07:00  INFO 1272 --- [           main] .s.d.r.c.RepositoryConfigurationDelegate : Finished Spring Data repository scanning in 70 ms. Found 3 JPA repository interfaces.
2025-02-26T18:41:42.024+07:00  INFO 1272 --- [           main] o.hibernate.jpa.internal.util.LogHelper  : HHH000204: Processing PersistenceUnitInfo [name: default]
2025-02-26T18:41:42.189+07:00  INFO 1272 --- [           main] org.hibernate.Version                    : HHH000412: Hibernate ORM core version 6.6.8.Final
2025-02-26T18:41:42.302+07:00  INFO 1272 --- [           main] o.h.c.internal.RegionFactoryInitiator    : HHH000026: Second-level cache disabled
2025-02-26T18:41:42.695+07:00  INFO 1272 --- [           main] o.s.o.j.p.SpringPersistenceUnitInfo      : No LoadTimeWeaver setup: ignoring JPA class transformer
2025-02-26T18:41:42.735+07:00  INFO 1272 --- [           main] com.zaxxer.hikari.HikariDataSource       : HikariPool-1 - Starting...
2025-02-26T18:41:43.433+07:00  INFO 1272 --- [           main] com.zaxxer.hikari.pool.HikariPool        : HikariPool-1 - Added connection com.mysql.cj.jdbc.ConnectionImpl@25b4754a
2025-02-26T18:41:43.436+07:00  INFO 1272 --- [           main] com.zaxxer.hikari.HikariDataSource       : HikariPool-1 - Start completed.
2025-02-26T18:41:43.643+07:00  INFO 1272 --- [           main] org.hibernate.orm.connections.pooling    : HHH10001005: Database info:
	Database JDBC URL [Connecting through datasource 'HikariDataSource (HikariPool-1)']
	Database driver: undefined/unknown
	Database version: 8.0.39
	Autocommit mode: undefined/unknown
	Isolation level: undefined/unknown
	Minimum pool size: undefined/unknown
	Maximum pool size: undefined/unknown
2025-02-26T18:41:44.591+07:00  INFO 1272 --- [           main] o.h.e.t.j.p.i.JtaPlatformInitiator       : HHH000489: No JTA platform available (set 'hibernate.transaction.jta.platform' to enable JTA platform integration)
2025-02-26T18:41:44.794+07:00  INFO 1272 --- [           main] j.LocalContainerEntityManagerFactoryBean : Initialized JPA EntityManagerFactory for persistence unit 'default'
2025-02-26T18:41:45.333+07:00  WARN 1272 --- [           main] JpaBaseConfiguration$JpaWebConfiguration : spring.jpa.open-in-view is enabled by default. Therefore, database queries may be performed during view rendering. Explicitly configure spring.jpa.open-in-view to disable this warning
2025-02-26T18:41:45.712+07:00  WARN 1272 --- [           main] ion$DefaultTemplateResolverConfiguration : Cannot find template location: classpath:/templates/ (please add some templates, check your Thymeleaf configuration, or set spring.thymeleaf.check-template-location=false)
2025-02-26T18:41:45.781+07:00  INFO 1272 --- [           main] c.l.l.c.ApplicationInitConfig            : Initializing application.....
2025-02-26T18:41:46.658+07:00  INFO 1272 --- [           main] c.l.l.LaptrinhwebApplicationTests        : Started LaptrinhwebApplicationTests in 6.957 seconds (process running for 8.281)
Hibernate: select ue1_0.id,ue1_0.avatar_url,ue1_0.email,ue1_0.full_name,ue1_0.password,ue1_0.phone,ue1_0.user_name from user_entity ue1_0 where ue1_0.user_name=?
Hibernate: select r1_0.user_entity_id,r1_1.name,r1_1.description from user_entity_roles r1_0 join role r1_1 on r1_1.name=r1_0.roles_name where r1_0.user_entity_id=?
2025-02-26T18:41:47.036+07:00  INFO 1272 --- [           main] c.l.l.c.ApplicationInitConfig            : Application initialization completed .....
]]></system-out>
    <system-err><![CDATA[Mockito is currently self-attaching to enable the inline-mock-maker. This will no longer work in future releases of the JDK. Please add Mockito as an agent to your build what is described in Mockito's documentation: https://javadoc.io/doc/org.mockito/mockito-core/latest/org/mockito/Mockito.html#0.3
WARNING: A Java agent has been loaded dynamically (C:\Users\FPTSHOP\.m2\repository\net\bytebuddy\byte-buddy-agent\1.15.11\byte-buddy-agent-1.15.11.jar)
WARNING: If a serviceability tool is in use, please run with -XX:+EnableDynamicAgentLoading to hide this warning
WARNING: If a serviceability tool is not in use, please run with -Djdk.instrument.traceUsage for more information
WARNING: Dynamic loading of agents will be disallowed by default in a future release
]]></system-err>
  </testcase>
</testsuite>